0 verbose cli /home/allensantos/.nvm/versions/node/v22.16.0/bin/node /home/allensantos/.nvm/versions/node/v22.16.0/bin/npm
1 info using npm@11.4.2
2 info using node@v22.16.0
3 silly config load:file:/home/allensantos/.nvm/versions/node/v22.16.0/lib/node_modules/npm/npmrc
4 silly config load:file:/home/allensantos/Documents/eimusic-admin/.npmrc
5 silly config load:file:/home/allensantos/.npmrc
6 silly config load:file:/home/allensantos/.nvm/versions/node/v22.16.0/etc/npmrc
7 verbose title npm install @supabase/supabase-js
8 verbose argv "install" "@supabase/supabase-js" "--cache" ".npm-cache"
9 verbose logfile logs-max:10 dir:/home/allensantos/Documents/eimusic-admin/.npm-cache/_logs/2025-07-03T22_08_34_579Z-
10 verbose logfile /home/allensantos/Documents/eimusic-admin/.npm-cache/_logs/2025-07-03T22_08_34_579Z-debug-0.log
11 silly logfile done cleaning log files
12 silly packumentCache heap:2197815296 maxSize:549453824 maxEntrySize:274726912
13 silly idealTree buildDeps
14 silly fetch manifest @supabase/supabase-js@*
15 silly packumentCache full:https://registry.npmjs.org/@supabase%2fsupabase-js cache-miss
16 http fetch GET 200 https://registry.npmjs.org/npm 1185ms
17 http fetch GET 200 https://registry.npmjs.org/@supabase%2fsupabase-js 1763ms (cache miss)
18 silly packumentCache full:https://registry.npmjs.org/@supabase%2fsupabase-js set size:undefined disposed:false
19 silly placeDep ROOT @supabase/supabase-js@2.50.3 OK for: eimusic-admin@0.1.0 want: *
20 silly fetch manifest @supabase/auth-js@2.70.0
21 silly packumentCache full:https://registry.npmjs.org/@supabase%2fauth-js cache-miss
22 silly fetch manifest @supabase/functions-js@2.4.5
23 silly packumentCache full:https://registry.npmjs.org/@supabase%2ffunctions-js cache-miss
24 silly fetch manifest @supabase/node-fetch@2.6.15
25 silly packumentCache full:https://registry.npmjs.org/@supabase%2fnode-fetch cache-miss
26 http fetch GET 200 https://registry.npmjs.org/@supabase%2fauth-js 342ms (cache miss)
27 silly packumentCache full:https://registry.npmjs.org/@supabase%2fauth-js set size:undefined disposed:false
28 silly fetch manifest @supabase/postgrest-js@1.19.4
29 silly packumentCache full:https://registry.npmjs.org/@supabase%2fpostgrest-js cache-miss
30 http fetch GET 200 https://registry.npmjs.org/@supabase%2fnode-fetch 429ms (cache miss)
31 silly packumentCache full:https://registry.npmjs.org/@supabase%2fnode-fetch set size:undefined disposed:false
32 silly fetch manifest @supabase/realtime-js@2.11.15
33 silly packumentCache full:https://registry.npmjs.org/@supabase%2frealtime-js cache-miss
34 http fetch GET 200 https://registry.npmjs.org/@supabase%2ffunctions-js 454ms (cache miss)
35 silly packumentCache full:https://registry.npmjs.org/@supabase%2ffunctions-js set size:undefined disposed:false
36 silly fetch manifest @supabase/storage-js@2.7.1
37 silly packumentCache full:https://registry.npmjs.org/@supabase%2fstorage-js cache-miss
38 http fetch GET 200 https://registry.npmjs.org/@supabase%2frealtime-js 631ms (cache miss)
39 silly packumentCache full:https://registry.npmjs.org/@supabase%2frealtime-js set size:undefined disposed:false
40 http fetch GET 200 https://registry.npmjs.org/@supabase%2fstorage-js 700ms (cache miss)
41 silly packumentCache full:https://registry.npmjs.org/@supabase%2fstorage-js set size:undefined disposed:false
42 http fetch GET 200 https://registry.npmjs.org/@supabase%2fpostgrest-js 4480ms (cache miss)
43 silly packumentCache full:https://registry.npmjs.org/@supabase%2fpostgrest-js set size:undefined disposed:false
44 silly placeDep ROOT @supabase/auth-js@2.70.0 OK for: @supabase/supabase-js@2.50.3 want: 2.70.0
45 silly placeDep ROOT @supabase/functions-js@2.4.5 OK for: @supabase/supabase-js@2.50.3 want: 2.4.5
46 silly placeDep ROOT @supabase/node-fetch@2.6.15 OK for: @supabase/supabase-js@2.50.3 want: 2.6.15
47 silly placeDep ROOT @supabase/postgrest-js@1.19.4 OK for: @supabase/supabase-js@2.50.3 want: 1.19.4
48 silly placeDep ROOT @supabase/realtime-js@2.11.15 OK for: @supabase/supabase-js@2.50.3 want: 2.11.15
49 silly placeDep ROOT @supabase/storage-js@2.7.1 OK for: @supabase/supabase-js@2.50.3 want: 2.7.1
50 silly fetch manifest @supabase/node-fetch@^2.6.14
51 silly packumentCache full:https://registry.npmjs.org/@supabase%2fnode-fetch cache-miss
52 silly fetch manifest @supabase/node-fetch@^2.6.14
53 silly packumentCache full:https://registry.npmjs.org/@supabase%2fnode-fetch cache-miss
54 silly fetch manifest whatwg-url@^5.0.0
55 silly packumentCache full:https://registry.npmjs.org/whatwg-url cache-miss
56 http cache https://registry.npmjs.org/@supabase%2fnode-fetch 36ms (cache hit)
57 silly packumentCache full:https://registry.npmjs.org/@supabase%2fnode-fetch set size:53917 disposed:false
58 silly fetch manifest ws@^8.18.2
59 silly packumentCache full:https://registry.npmjs.org/ws cache-miss
60 http cache https://registry.npmjs.org/@supabase%2fnode-fetch 44ms (cache hit)
61 silly packumentCache full:https://registry.npmjs.org/@supabase%2fnode-fetch set size:53917 disposed:false
62 silly packumentCache full:https://registry.npmjs.org/@supabase%2fnode-fetch dispose
63 silly fetch manifest isows@^1.0.7
64 silly packumentCache full:https://registry.npmjs.org/isows cache-miss
65 http fetch GET 200 https://registry.npmjs.org/whatwg-url 140ms (cache miss)
66 silly packumentCache full:https://registry.npmjs.org/whatwg-url set size:undefined disposed:false
67 silly fetch manifest @types/ws@^8.18.1
68 silly packumentCache full:https://registry.npmjs.org/@types%2fws cache-miss
69 http fetch GET 200 https://registry.npmjs.org/isows 129ms (cache miss)
70 silly packumentCache full:https://registry.npmjs.org/isows set size:undefined disposed:false
71 silly fetch manifest @types/phoenix@^1.6.6
72 silly packumentCache full:https://registry.npmjs.org/@types%2fphoenix cache-miss
73 http fetch GET 200 https://registry.npmjs.org/@types%2fws 152ms (cache miss)
74 silly packumentCache full:https://registry.npmjs.org/@types%2fws set size:undefined disposed:false
75 http fetch GET 200 https://registry.npmjs.org/@types%2fphoenix 429ms (cache miss)
76 silly packumentCache full:https://registry.npmjs.org/@types%2fphoenix set size:undefined disposed:false
77 http fetch GET 200 https://registry.npmjs.org/ws 669ms (cache miss)
78 silly packumentCache full:https://registry.npmjs.org/ws set size:undefined disposed:false
79 silly placeDep ROOT whatwg-url@5.0.0 OK for: @supabase/node-fetch@2.6.15 want: ^5.0.0
80 silly fetch manifest tr46@~0.0.3
81 silly packumentCache full:https://registry.npmjs.org/tr46 cache-miss
82 silly fetch manifest webidl-conversions@^3.0.0
83 silly packumentCache full:https://registry.npmjs.org/webidl-conversions cache-miss
84 http fetch GET 200 https://registry.npmjs.org/tr46 86ms (cache miss)
85 silly packumentCache full:https://registry.npmjs.org/tr46 set size:undefined disposed:false
86 http fetch GET 200 https://registry.npmjs.org/webidl-conversions 428ms (cache miss)
87 silly packumentCache full:https://registry.npmjs.org/webidl-conversions set size:undefined disposed:false
88 silly fetch manifest bufferutil@^4.0.1
89 silly packumentCache full:https://registry.npmjs.org/bufferutil cache-miss
90 http fetch GET 200 https://registry.npmjs.org/bufferutil 100ms (cache miss)
91 silly packumentCache full:https://registry.npmjs.org/bufferutil set size:undefined disposed:false
92 silly fetch manifest utf-8-validate@>=5.0.2
93 silly packumentCache full:https://registry.npmjs.org/utf-8-validate cache-miss
94 http fetch GET 200 https://registry.npmjs.org/utf-8-validate 124ms (cache miss)
95 silly packumentCache full:https://registry.npmjs.org/utf-8-validate set size:undefined disposed:false
96 silly placeDep ROOT @types/phoenix@1.6.6 OK for: @supabase/realtime-js@2.11.15 want: ^1.6.6
97 silly placeDep ROOT @types/ws@8.18.1 OK for: @supabase/realtime-js@2.11.15 want: ^8.18.1
98 silly placeDep ROOT isows@1.0.7 OK for: @supabase/realtime-js@2.11.15 want: ^1.0.7
99 silly placeDep ROOT ws@8.18.3 OK for: isows@1.0.7 want: *
100 silly placeDep ROOT tr46@0.0.3 OK for: whatwg-url@5.0.0 want: ~0.0.3
101 silly placeDep ROOT webidl-conversions@3.0.1 OK for: whatwg-url@5.0.0 want: ^3.0.0
102 silly reify moves {}
103 http cache webidl-conversions@https://registry.npmjs.org/webidl-conversions/-/webidl-conversions-3.0.1.tgz 0ms (cache hit)
104 http cache tr46@https://registry.npmjs.org/tr46/-/tr46-0.0.3.tgz 0ms (cache hit)
105 http cache ws@https://registry.npmjs.org/ws/-/ws-8.18.3.tgz 0ms (cache hit)
106 http cache isows@https://registry.npmjs.org/isows/-/isows-1.0.7.tgz 0ms (cache hit)
107 http cache @types/ws@https://registry.npmjs.org/@types/ws/-/ws-8.18.1.tgz 0ms (cache hit)
108 http cache @types/phoenix@https://registry.npmjs.org/@types/phoenix/-/phoenix-1.6.6.tgz 0ms (cache hit)
109 http cache whatwg-url@https://registry.npmjs.org/whatwg-url/-/whatwg-url-5.0.0.tgz 0ms (cache hit)
110 http cache @supabase/storage-js@https://registry.npmjs.org/@supabase/storage-js/-/storage-js-2.7.1.tgz 0ms (cache hit)
111 http cache @supabase/realtime-js@https://registry.npmjs.org/@supabase/realtime-js/-/realtime-js-2.11.15.tgz 0ms (cache hit)
112 http cache @supabase/postgrest-js@https://registry.npmjs.org/@supabase/postgrest-js/-/postgrest-js-1.19.4.tgz 0ms (cache hit)
113 http cache @supabase/node-fetch@https://registry.npmjs.org/@supabase/node-fetch/-/node-fetch-2.6.15.tgz 0ms (cache hit)
114 http cache @supabase/functions-js@https://registry.npmjs.org/@supabase/functions-js/-/functions-js-2.4.5.tgz 0ms (cache hit)
115 http cache @supabase/auth-js@https://registry.npmjs.org/@supabase/auth-js/-/auth-js-2.70.0.tgz 0ms (cache hit)
116 http cache @supabase/supabase-js@https://registry.npmjs.org/@supabase/supabase-js/-/supabase-js-2.50.3.tgz 0ms (cache hit)
117 silly tarball no local data for webidl-conversions@https://registry.npmjs.org/webidl-conversions/-/webidl-conversions-3.0.1.tgz. Extracting by manifest.
118 silly tarball no local data for tr46@https://registry.npmjs.org/tr46/-/tr46-0.0.3.tgz. Extracting by manifest.
119 silly tarball no local data for ws@https://registry.npmjs.org/ws/-/ws-8.18.3.tgz. Extracting by manifest.
120 silly tarball no local data for isows@https://registry.npmjs.org/isows/-/isows-1.0.7.tgz. Extracting by manifest.
121 silly tarball no local data for @types/ws@https://registry.npmjs.org/@types/ws/-/ws-8.18.1.tgz. Extracting by manifest.
122 silly tarball no local data for @types/phoenix@https://registry.npmjs.org/@types/phoenix/-/phoenix-1.6.6.tgz. Extracting by manifest.
123 silly tarball no local data for whatwg-url@https://registry.npmjs.org/whatwg-url/-/whatwg-url-5.0.0.tgz. Extracting by manifest.
124 silly tarball no local data for @supabase/storage-js@https://registry.npmjs.org/@supabase/storage-js/-/storage-js-2.7.1.tgz. Extracting by manifest.
125 silly tarball no local data for @supabase/realtime-js@https://registry.npmjs.org/@supabase/realtime-js/-/realtime-js-2.11.15.tgz. Extracting by manifest.
126 silly tarball no local data for @supabase/postgrest-js@https://registry.npmjs.org/@supabase/postgrest-js/-/postgrest-js-1.19.4.tgz. Extracting by manifest.
127 silly tarball no local data for @supabase/node-fetch@https://registry.npmjs.org/@supabase/node-fetch/-/node-fetch-2.6.15.tgz. Extracting by manifest.
128 silly tarball no local data for @supabase/functions-js@https://registry.npmjs.org/@supabase/functions-js/-/functions-js-2.4.5.tgz. Extracting by manifest.
129 silly tarball no local data for @supabase/auth-js@https://registry.npmjs.org/@supabase/auth-js/-/auth-js-2.70.0.tgz. Extracting by manifest.
130 silly tarball no local data for @supabase/supabase-js@https://registry.npmjs.org/@supabase/supabase-js/-/supabase-js-2.50.3.tgz. Extracting by manifest.
131 http fetch GET 200 https://registry.npmjs.org/webidl-conversions/-/webidl-conversions-3.0.1.tgz 238ms (cache miss)
132 http fetch GET 200 https://registry.npmjs.org/@types/phoenix/-/phoenix-1.6.6.tgz 304ms (cache miss)
133 http fetch GET 200 https://registry.npmjs.org/isows/-/isows-1.0.7.tgz 338ms (cache miss)
134 http fetch GET 200 https://registry.npmjs.org/whatwg-url/-/whatwg-url-5.0.0.tgz 345ms (cache miss)
135 http fetch GET 200 https://registry.npmjs.org/@types/ws/-/ws-8.18.1.tgz 351ms (cache miss)
136 http fetch GET 200 https://registry.npmjs.org/@supabase/functions-js/-/functions-js-2.4.5.tgz 462ms (cache miss)
137 http fetch GET 200 https://registry.npmjs.org/@supabase/node-fetch/-/node-fetch-2.6.15.tgz 482ms (cache miss)
138 http fetch GET 200 https://registry.npmjs.org/ws/-/ws-8.18.3.tgz 510ms (cache miss)
139 http fetch GET 200 https://registry.npmjs.org/@supabase/supabase-js/-/supabase-js-2.50.3.tgz 588ms (cache miss)
140 http fetch GET 200 https://registry.npmjs.org/@supabase/storage-js/-/storage-js-2.7.1.tgz 673ms (cache miss)
141 http fetch GET 200 https://registry.npmjs.org/@supabase/postgrest-js/-/postgrest-js-1.19.4.tgz 1001ms (cache miss)
142 http fetch GET 200 https://registry.npmjs.org/@supabase/realtime-js/-/realtime-js-2.11.15.tgz 1043ms (cache miss)
143 http fetch GET 200 https://registry.npmjs.org/@supabase/auth-js/-/auth-js-2.70.0.tgz 1222ms (cache miss)
144 http fetch GET 200 https://registry.npmjs.org/tr46/-/tr46-0.0.3.tgz 1248ms (cache miss)
145 silly ADD node_modules/webidl-conversions
146 silly ADD node_modules/tr46
147 silly ADD node_modules/ws
148 silly ADD node_modules/isows
149 silly ADD node_modules/@types/ws
150 silly ADD node_modules/@types/phoenix
151 silly ADD node_modules/whatwg-url
152 silly ADD node_modules/@supabase/storage-js
153 silly ADD node_modules/@supabase/realtime-js
154 silly ADD node_modules/@supabase/postgrest-js
155 silly ADD node_modules/@supabase/node-fetch
156 silly ADD node_modules/@supabase/functions-js
157 silly ADD node_modules/@supabase/auth-js
158 silly ADD node_modules/@supabase/supabase-js
159 verbose cwd /home/allensantos/Documents/eimusic-admin
160 verbose os Linux 6.14.0-22-generic
161 verbose node v22.16.0
162 verbose npm  v11.4.2
163 verbose exit 0
164 info ok
