0 verbose cli /home/allensantos/.nvm/versions/node/v22.16.0/bin/node /home/allensantos/.nvm/versions/node/v22.16.0/bin/npm
1 info using npm@11.4.2
2 info using node@v22.16.0
3 silly config load:file:/home/allensantos/.nvm/versions/node/v22.16.0/lib/node_modules/npm/npmrc
4 silly config load:file:/home/allensantos/Documents/eimusic-admin/.npmrc
5 silly config load:file:/home/allensantos/.npmrc
6 silly config load:file:/home/allensantos/.nvm/versions/node/v22.16.0/etc/npmrc
7 verbose title npm install cloudinary
8 verbose argv "install" "cloudinary" "--cache" ".npm-cache"
9 verbose logfile logs-max:10 dir:/home/allensantos/Documents/eimusic-admin/.npm-cache/_logs/2025-07-03T22_09_00_176Z-
10 verbose logfile /home/allensantos/Documents/eimusic-admin/.npm-cache/_logs/2025-07-03T22_09_00_176Z-debug-0.log
11 silly logfile done cleaning log files
12 silly packumentCache heap:2197815296 maxSize:549453824 maxEntrySize:274726912
13 silly idealTree buildDeps
14 silly fetch manifest cloudinary@*
15 silly packumentCache full:https://registry.npmjs.org/cloudinary cache-miss
16 http fetch GET 200 https://registry.npmjs.org/cloudinary 1288ms (cache miss)
17 silly packumentCache full:https://registry.npmjs.org/cloudinary set size:undefined disposed:false
18 silly placeDep ROOT cloudinary@2.7.0 OK for: eimusic-admin@0.1.0 want: *
19 silly fetch manifest lodash@^4.17.21
20 silly packumentCache full:https://registry.npmjs.org/lodash cache-miss
21 silly fetch manifest q@^1.5.1
22 silly packumentCache full:https://registry.npmjs.org/q cache-miss
23 http fetch GET 200 https://registry.npmjs.org/lodash 236ms (cache miss)
24 silly packumentCache full:https://registry.npmjs.org/lodash set size:undefined disposed:false
25 http fetch GET 200 https://registry.npmjs.org/q 1555ms (cache miss)
26 silly packumentCache full:https://registry.npmjs.org/q set size:undefined disposed:false
27 silly placeDep ROOT lodash@4.17.21 OK for: cloudinary@2.7.0 want: ^4.17.21
28 silly placeDep ROOT q@1.5.1 OK for: cloudinary@2.7.0 want: ^1.5.1
29 silly reify moves {}
30 http cache q@https://registry.npmjs.org/q/-/q-1.5.1.tgz 0ms (cache hit)
31 http cache lodash@https://registry.npmjs.org/lodash/-/lodash-4.17.21.tgz 0ms (cache hit)
32 http cache cloudinary@https://registry.npmjs.org/cloudinary/-/cloudinary-2.7.0.tgz 0ms (cache hit)
33 silly tarball no local data for q@https://registry.npmjs.org/q/-/q-1.5.1.tgz. Extracting by manifest.
34 silly tarball no local data for lodash@https://registry.npmjs.org/lodash/-/lodash-4.17.21.tgz. Extracting by manifest.
35 silly tarball no local data for cloudinary@https://registry.npmjs.org/cloudinary/-/cloudinary-2.7.0.tgz. Extracting by manifest.
36 http fetch GET 200 https://registry.npmjs.org/q/-/q-1.5.1.tgz 487ms (cache miss)
37 warn deprecated q@1.5.1: You or someone you depend on is using Q, the JavaScript Promise library that gave JavaScript developers strong feelings about promises. They can almost certainly migrate to the native JavaScript promise now. Thank you literally everyone for joining me in this bet against the odds. Be excellent to each other.
37 warn deprecated
37 warn deprecated (For a CapTP with native promises, see @endo/eventual-send and @endo/captp)
38 http fetch GET 200 https://registry.npmjs.org/cloudinary/-/cloudinary-2.7.0.tgz 1377ms (cache miss)
39 http fetch GET 200 https://registry.npmjs.org/lodash/-/lodash-4.17.21.tgz 2414ms (cache miss)
40 silly ADD node_modules/q
41 silly ADD node_modules/lodash
42 silly ADD node_modules/cloudinary
43 verbose cwd /home/allensantos/Documents/eimusic-admin
44 verbose os Linux 6.14.0-22-generic
45 verbose node v22.16.0
46 verbose npm  v11.4.2
47 verbose exit 0
48 info ok
